104.08.28 21:05 B Z:\\addemailalias.php --> ftp.awke.co.uk /www/wwwroot/admin addemailalias.php
104.08.28 21:05 B Z:\\admin.css --> ftp.awke.co.uk /www/wwwroot/admin admin.css
104.08.28 21:05 B Z:\\admin.css.$$$ --> ftp.awke.co.uk /www/wwwroot/admin admin.css.$$$
104.08.28 21:05 B Z:\\auth.php --> ftp.awke.co.uk /www/wwwroot/admin auth.php
104.08.28 21:05 B Z:\\auth.php.$$$ --> ftp.awke.co.uk /www/wwwroot/admin auth.php.$$$
104.08.28 21:05 B Z:\\cadd.php --> ftp.awke.co.uk /www/wwwroot/admin cadd.php
104.08.28 21:05 B Z:\\cadd.php.$$$ --> ftp.awke.co.uk /www/wwwroot/admin cadd.php.$$$
104.08.28 21:05 B Z:\\cdel.php --> ftp.awke.co.uk /www/wwwroot/admin cdel.php
104.08.28 21:05 B Z:\\cdel.php.$$$ --> ftp.awke.co.uk /www/wwwroot/admin cdel.php.$$$
104.08.28 21:05 B Z:\\cedit.php --> ftp.awke.co.uk /www/wwwroot/admin cedit.php
104.08.28 21:05 B Z:\\cedit.php.$$$ --> ftp.awke.co.uk /www/wwwroot/admin cedit.php.$$$
104.08.28 21:05 B Z:\\cindex.php --> ftp.awke.co.uk /www/wwwroot/admin cindex.php
104.08.28 21:05 B Z:\\cindex.php.$$$ --> ftp.awke.co.uk /www/wwwroot/admin cindex.php.$$$
104.08.28 21:05 B Z:\\cupdate.php --> ftp.awke.co.uk /www/wwwroot/admin cupdate.php
104.08.28 21:05 B Z:\\cupdate.php.$$$ --> ftp.awke.co.uk /www/wwwroot/admin cupdate.php.$$$
104.08.28 21:05 B Z:\\cupdatea.php --> ftp.awke.co.uk /www/wwwroot/admin cupdatea.php
104.08.28 21:05 B Z:\\cupdatea.php.$$$ --> ftp.awke.co.uk /www/wwwroot/admin cupdatea.php.$$$
104.08.28 21:05 B Z:\\domdisp.php --> ftp.awke.co.uk /www/wwwroot/admin domdisp.php
104.08.28 21:05 B Z:\\eadd.php --> ftp.awke.co.uk /www/wwwroot/admin eadd.php
104.08.28 21:05 B Z:\\eadd.php.$$$ --> ftp.awke.co.uk /www/wwwroot/admin eadd.php.$$$
104.08.28 21:05 B Z:\\edel.php --> ftp.awke.co.uk /www/wwwroot/admin edel.php
104.08.28 21:05 B Z:\\edel.php.$$$ --> ftp.awke.co.uk /www/wwwroot/admin edel.php.$$$
104.08.28 21:05 B Z:\\edit.php.$$$ --> ftp.awke.co.uk /www/wwwroot/admin edit.php.$$$
104.08.28 21:05 B Z:\\editalias.php --> ftp.awke.co.uk /www/wwwroot/admin editalias.php
104.08.28 21:05 B Z:\\eedit.php --> ftp.awke.co.uk /www/wwwroot/admin eedit.php
104.08.28 21:05 B Z:\\eedit.php.$$$ --> ftp.awke.co.uk /www/wwwroot/admin eedit.php.$$$
104.08.28 21:05 B Z:\\eupdate.php --> ftp.awke.co.uk /www/wwwroot/admin eupdate.php
104.08.28 21:06 B Z:\\eupdate.php.$$$ --> ftp.awke.co.uk /www/wwwroot/admin eupdate.php.$$$
104.08.28 21:06 B Z:\\eupdatea.php --> ftp.awke.co.uk /www/wwwroot/admin eupdatea.php
104.08.28 21:06 B Z:\\eupdatea.php.$$$ --> ftp.awke.co.uk /www/wwwroot/admin eupdatea.php.$$$
104.08.28 21:06 B Z:\\functions.inc --> ftp.awke.co.uk /www/wwwroot/admin functions.inc
104.08.28 21:06 B Z:\\functions.inc.$$$ --> ftp.awke.co.uk /www/wwwroot/admin functions.inc.$$$
104.08.28 21:06 B Z:\\functions2.inc --> ftp.awke.co.uk /www/wwwroot/admin functions2.inc
104.08.28 21:06 B Z:\\go.php --> ftp.awke.co.uk /www/wwwroot/admin go.php
104.08.28 21:06 B Z:\\go.php.$$$ --> ftp.awke.co.uk /www/wwwroot/admin go.php.$$$
104.08.28 21:06 B Z:\\index.php --> ftp.awke.co.uk /www/wwwroot/admin index.php
104.08.28 21:06 B Z:\\index.php.$$$ --> ftp.awke.co.uk /www/wwwroot/admin index.php.$$$
104.08.28 21:06 B Z:\\listalias.php --> ftp.awke.co.uk /www/wwwroot/admin listalias.php
104.08.28 21:06 B Z:\\listalias.php--all-edit-not as good --> ftp.awke.co.uk /www/wwwroot/admin listalias.php--all-edit-not as good
104.08.28 21:06 B Z:\\listalias.php-backup --> ftp.awke.co.uk /www/wwwroot/admin listalias.php-backup
104.08.28 21:06 B Z:\\listalias.php-firsttry --> ftp.awke.co.uk /www/wwwroot/admin listalias.php-firsttry
104.08.28 21:06 B Z:\\listalias.php-working-old1 --> ftp.awke.co.uk /www/wwwroot/admin listalias.php-working-old1
104.08.28 21:06 B Z:\\listalias.php.$$$ --> ftp.awke.co.uk /www/wwwroot/admin listalias.php.$$$
104.08.28 21:06 B Z:\\login.php --> ftp.awke.co.uk /www/wwwroot/admin login.php
104.08.28 21:06 B Z:\\logout.php --> ftp.awke.co.uk /www/wwwroot/admin logout.php
104.08.28 21:06 B Z:\\logout.php.$$$ --> ftp.awke.co.uk /www/wwwroot/admin logout.php.$$$
104.08.28 21:06 B Z:\\main.php --> ftp.awke.co.uk /www/wwwroot/admin main.php
104.08.28 21:06 B Z:\\main.php.$$$ --> ftp.awke.co.uk /www/wwwroot/admin main.php.$$$
104.08.28 21:06 B Z:\\print.php --> ftp.awke.co.uk /www/wwwroot/admin print.php
104.08.28 21:06 B Z:\\print.php.$$$ --> ftp.awke.co.uk /www/wwwroot/admin print.php.$$$
104.08.28 21:06 B Z:\\savealias.php --> ftp.awke.co.uk /www/wwwroot/admin savealias.php
104.08.28 21:06 B Z:\\tadd.php --> ftp.awke.co.uk /www/wwwroot/admin tadd.php
104.08.28 21:06 B Z:\\tadd.php.$$$ --> ftp.awke.co.uk /www/wwwroot/admin tadd.php.$$$
104.08.28 21:06 B Z:\\tdel.php --> ftp.awke.co.uk /www/wwwroot/admin tdel.php
104.08.28 21:06 B Z:\\tdel.php.$$$ --> ftp.awke.co.uk /www/wwwroot/admin tdel.php.$$$
104.08.28 21:06 B Z:\\tedit.php --> ftp.awke.co.uk /www/wwwroot/admin tedit.php
104.08.28 21:06 B Z:\\tedit.php.$$$ --> ftp.awke.co.uk /www/wwwroot/admin tedit.php.$$$
104.08.28 21:06 B Z:\\tupdate.php --> ftp.awke.co.uk /www/wwwroot/admin tupdate.php
104.08.28 21:06 B Z:\\tupdate.php.$$$ --> ftp.awke.co.uk /www/wwwroot/admin tupdate.php.$$$
104.08.28 21:06 B Z:\\tupdatea.php --> ftp.awke.co.uk /www/wwwroot/admin tupdatea.php
104.08.28 21:06 B Z:\\tupdatea.php.$$$ --> ftp.awke.co.uk /www/wwwroot/admin tupdatea.php.$$$
104.08.28 21:06 B Z:\\update.php.$$$ --> ftp.awke.co.uk /www/wwwroot/admin update.php.$$$
104.08.29 19:06 B Z:\\main.php <-- awke secure /www/wwwroot/admin-backup main.php
104.08.29 19:37 B Z:\\main.php --> ftp.awke.co.uk /www/wwwroot/admin main.php
104.08.29 19:49 B Z:\\cadd.php <-- awke secure /www/wwwroot/admin cadd.php
104.08.29 21:02 B Z:\\addemailalias.php --> ftp.awke.co.uk /www/wwwroot/admin addemailalias.php
104.08.29 21:02 B Z:\\admin.css --> ftp.awke.co.uk /www/wwwroot/admin admin.css
104.08.29 21:02 B Z:\\admin.css.$$$ --> ftp.awke.co.uk /www/wwwroot/admin admin.css.$$$
104.08.29 21:02 B Z:\\auth.php --> ftp.awke.co.uk /www/wwwroot/admin auth.php
104.08.29 21:02 B Z:\\auth.php.$$$ --> ftp.awke.co.uk /www/wwwroot/admin auth.php.$$$
104.08.29 21:02 B Z:\\cadd.php --> ftp.awke.co.uk /www/wwwroot/admin cadd.php
104.08.29 21:02 B Z:\\cadd.php.$$$ --> ftp.awke.co.uk /www/wwwroot/admin cadd.php.$$$
104.08.29 21:02 B Z:\\cdel.php --> ftp.awke.co.uk /www/wwwroot/admin cdel.php
104.08.29 21:02 B Z:\\cdel.php.$$$ --> ftp.awke.co.uk /www/wwwroot/admin cdel.php.$$$
104.08.29 21:02 B Z:\\cedit.php --> ftp.awke.co.uk /www/wwwroot/admin cedit.php
104.08.29 21:02 B Z:\\cedit.php.$$$ --> ftp.awke.co.uk /www/wwwroot/admin cedit.php.$$$
104.08.29 21:02 B Z:\\cindex.php --> ftp.awke.co.uk /www/wwwroot/admin cindex.php
104.08.29 21:02 B Z:\\cindex.php.$$$ --> ftp.awke.co.uk /www/wwwroot/admin cindex.php.$$$
104.08.29 21:02 B Z:\\cupdate.php --> ftp.awke.co.uk /www/wwwroot/admin cupdate.php
104.08.29 21:02 B Z:\\cupdate.php.$$$ --> ftp.awke.co.uk /www/wwwroot/admin cupdate.php.$$$
104.08.29 21:02 B Z:\\cupdatea.php --> ftp.awke.co.uk /www/wwwroot/admin cupdatea.php
104.08.29 21:02 B Z:\\cupdatea.php.$$$ --> ftp.awke.co.uk /www/wwwroot/admin cupdatea.php.$$$
104.08.29 21:02 B Z:\\domdisp.php --> ftp.awke.co.uk /www/wwwroot/admin domdisp.php
104.08.29 21:02 B Z:\\eadd.php --> ftp.awke.co.uk /www/wwwroot/admin eadd.php
104.08.29 21:02 B Z:\\eadd.php.$$$ --> ftp.awke.co.uk /www/wwwroot/admin eadd.php.$$$
104.08.29 21:02 B Z:\\edel.php --> ftp.awke.co.uk /www/wwwroot/admin edel.php
104.08.29 21:02 B Z:\\edel.php.$$$ --> ftp.awke.co.uk /www/wwwroot/admin edel.php.$$$
104.08.29 21:02 B Z:\\edit.php.$$$ --> ftp.awke.co.uk /www/wwwroot/admin edit.php.$$$
104.08.29 21:02 B Z:\\editalias.php --> ftp.awke.co.uk /www/wwwroot/admin editalias.php
104.08.29 21:02 B Z:\\eedit.php --> ftp.awke.co.uk /www/wwwroot/admin eedit.php
104.08.29 21:02 B Z:\\eedit.php.$$$ --> ftp.awke.co.uk /www/wwwroot/admin eedit.php.$$$
104.08.29 21:02 B Z:\\eupdate.php --> ftp.awke.co.uk /www/wwwroot/admin eupdate.php
104.08.29 21:02 B Z:\\eupdate.php.$$$ --> ftp.awke.co.uk /www/wwwroot/admin eupdate.php.$$$
104.08.29 21:02 B Z:\\eupdatea.php --> ftp.awke.co.uk /www/wwwroot/admin eupdatea.php
104.08.29 21:02 B Z:\\eupdatea.php.$$$ --> ftp.awke.co.uk /www/wwwroot/admin eupdatea.php.$$$
104.08.29 21:02 B Z:\\functions.inc --> ftp.awke.co.uk /www/wwwroot/admin functions.inc
104.08.29 21:02 B Z:\\functions.inc.$$$ --> ftp.awke.co.uk /www/wwwroot/admin functions.inc.$$$
104.08.29 21:02 B Z:\\functions2.inc --> ftp.awke.co.uk /www/wwwroot/admin functions2.inc
104.08.29 21:02 B Z:\\go.php --> ftp.awke.co.uk /www/wwwroot/admin go.php
104.08.29 21:02 B Z:\\go.php.$$$ --> ftp.awke.co.uk /www/wwwroot/admin go.php.$$$
104.08.29 21:02 B Z:\\index.php --> ftp.awke.co.uk /www/wwwroot/admin index.php
104.08.29 21:02 B Z:\\index.php.$$$ --> ftp.awke.co.uk /www/wwwroot/admin index.php.$$$
104.08.29 21:02 B Z:\\listalias.php --> ftp.awke.co.uk /www/wwwroot/admin listalias.php
104.08.29 21:02 B Z:\\listalias.php--all-edit-not as good --> ftp.awke.co.uk /www/wwwroot/admin listalias.php--all-edit-not as good
104.08.29 21:02 B Z:\\listalias.php-backup --> ftp.awke.co.uk /www/wwwroot/admin listalias.php-backup
104.08.29 21:02 B Z:\\listalias.php-firsttry --> ftp.awke.co.uk /www/wwwroot/admin listalias.php-firsttry
104.08.29 21:02 B Z:\\listalias.php-working-old1 --> ftp.awke.co.uk /www/wwwroot/admin listalias.php-working-old1
104.08.29 21:02 B Z:\\listalias.php.$$$ --> ftp.awke.co.uk /www/wwwroot/admin listalias.php.$$$
104.08.29 21:02 B Z:\\login.php --> ftp.awke.co.uk /www/wwwroot/admin login.php
104.08.29 21:02 B Z:\\logout.php --> ftp.awke.co.uk /www/wwwroot/admin logout.php
104.08.29 21:02 B Z:\\logout.php.$$$ --> ftp.awke.co.uk /www/wwwroot/admin logout.php.$$$
104.08.29 21:02 B Z:\\main.php --> ftp.awke.co.uk /www/wwwroot/admin main.php
104.08.29 21:02 B Z:\\main.php.$$$ --> ftp.awke.co.uk /www/wwwroot/admin main.php.$$$
104.08.29 21:02 B Z:\\padd.php --> ftp.awke.co.uk /www/wwwroot/admin padd.php
104.08.29 21:02 B Z:\\padd.php.$$$ --> ftp.awke.co.uk /www/wwwroot/admin padd.php.$$$
104.08.29 21:02 B Z:\\pdadd.php --> ftp.awke.co.uk /www/wwwroot/admin pdadd.php
104.08.29 21:02 B Z:\\pdadd.php.$$$ --> ftp.awke.co.uk /www/wwwroot/admin pdadd.php.$$$
104.08.29 21:02 B Z:\\pddel.php --> ftp.awke.co.uk /www/wwwroot/admin pddel.php
104.08.29 21:02 B Z:\\pddel.php.$$$ --> ftp.awke.co.uk /www/wwwroot/admin pddel.php.$$$
104.08.29 21:02 B Z:\\pdedit.php --> ftp.awke.co.uk /www/wwwroot/admin pdedit.php
104.08.29 21:02 B Z:\\pdedit.php.$$$ --> ftp.awke.co.uk /www/wwwroot/admin pdedit.php.$$$
104.08.29 21:02 B Z:\\pdel.php --> ftp.awke.co.uk /www/wwwroot/admin pdel.php
104.08.29 21:02 B Z:\\pdel.php.$$$ --> ftp.awke.co.uk /www/wwwroot/admin pdel.php.$$$
104.08.29 21:02 B Z:\\pdpdatea.php --> ftp.awke.co.uk /www/wwwroot/admin pdpdatea.php
104.08.29 21:02 B Z:\\pdpdatea.php.$$$ --> ftp.awke.co.uk /www/wwwroot/admin pdpdatea.php.$$$
104.08.29 21:02 B Z:\\pdupdate.php --> ftp.awke.co.uk /www/wwwroot/admin pdupdate.php
104.08.29 21:02 B Z:\\pdupdate.php.$$$ --> ftp.awke.co.uk /www/wwwroot/admin pdupdate.php.$$$
104.08.29 21:02 B Z:\\pdupdatea.php --> ftp.awke.co.uk /www/wwwroot/admin pdupdatea.php
104.08.29 21:02 B Z:\\pdupdatea.php.$$$ --> ftp.awke.co.uk /www/wwwroot/admin pdupdatea.php.$$$
104.08.29 21:02 B Z:\\pedit.php --> ftp.awke.co.uk /www/wwwroot/admin pedit.php
104.08.29 21:02 B Z:\\pedit.php.$$$ --> ftp.awke.co.uk /www/wwwroot/admin pedit.php.$$$
104.08.29 21:02 B Z:\\pindex.php --> ftp.awke.co.uk /www/wwwroot/admin pindex.php
104.08.29 21:02 B Z:\\pindex.php.$$$ --> ftp.awke.co.uk /www/wwwroot/admin pindex.php.$$$
104.08.29 21:02 B Z:\\print.php --> ftp.awke.co.uk /www/wwwroot/admin print.php
104.08.29 21:02 B Z:\\print.php.$$$ --> ftp.awke.co.uk /www/wwwroot/admin print.php.$$$
104.08.29 21:02 B Z:\\pupdate.php --> ftp.awke.co.uk /www/wwwroot/admin pupdate.php
104.08.29 21:02 B Z:\\pupdate.php.$$$ --> ftp.awke.co.uk /www/wwwroot/admin pupdate.php.$$$
104.08.29 21:02 B Z:\\pupdatea.php --> ftp.awke.co.uk /www/wwwroot/admin pupdatea.php
104.08.29 21:02 B Z:\\pupdatea.php.$$$ --> ftp.awke.co.uk /www/wwwroot/admin pupdatea.php.$$$
104.08.29 21:02 B Z:\\savealias.php --> ftp.awke.co.uk /www/wwwroot/admin savealias.php
104.08.29 21:02 B Z:\\tadd.php --> ftp.awke.co.uk /www/wwwroot/admin tadd.php
104.08.29 21:02 B Z:\\tadd.php.$$$ --> ftp.awke.co.uk /www/wwwroot/admin tadd.php.$$$
104.08.29 21:02 B Z:\\tdel.php --> ftp.awke.co.uk /www/wwwroot/admin tdel.php
104.08.29 21:02 B Z:\\tdel.php.$$$ --> ftp.awke.co.uk /www/wwwroot/admin tdel.php.$$$
104.08.29 21:02 B Z:\\tedit.php --> ftp.awke.co.uk /www/wwwroot/admin tedit.php
104.08.29 21:02 B Z:\\tedit.php.$$$ --> ftp.awke.co.uk /www/wwwroot/admin tedit.php.$$$
104.08.29 21:02 B Z:\\tupdate.php --> ftp.awke.co.uk /www/wwwroot/admin tupdate.php
104.08.29 21:02 B Z:\\tupdate.php.$$$ --> ftp.awke.co.uk /www/wwwroot/admin tupdate.php.$$$
104.08.29 21:02 B Z:\\tupdatea.php --> ftp.awke.co.uk /www/wwwroot/admin tupdatea.php
104.08.29 21:02 B Z:\\tupdatea.php.$$$ --> ftp.awke.co.uk /www/wwwroot/admin tupdatea.php.$$$
104.08.29 21:02 B Z:\\update.php.$$$ --> ftp.awke.co.uk /www/wwwroot/admin update.php.$$$
104.08.30 14:18 B Z:\\addemailalias.php <-- awke secure /www/wwwroot/admin addemailalias.php
104.08.30 14:18 B Z:\\savealias.php <-- awke secure /www/wwwroot/admin savealias.php
104.08.30 14:20 B Z:\\savealias.php <-- awke secure /www/wwwroot/admin savealias.php
104.08.30 14:25 B Z:\\iadd.php --> ftp.awke.co.uk /www/wwwroot/admin iadd.php
104.08.30 14:25 B Z:\\iadd.php.$$$ --> ftp.awke.co.uk /www/wwwroot/admin iadd.php.$$$
104.08.30 14:25 B Z:\\idel.php --> ftp.awke.co.uk /www/wwwroot/admin idel.php
104.08.30 14:25 B Z:\\idell.php --> ftp.awke.co.uk /www/wwwroot/admin idell.php
104.08.30 14:25 B Z:\\idell.php.$$$ --> ftp.awke.co.uk /www/wwwroot/admin idell.php.$$$
104.08.30 14:25 B Z:\\idisp.php --> ftp.awke.co.uk /www/wwwroot/admin idisp.php
104.08.30 14:25 B Z:\\idisp.php.$$$ --> ftp.awke.co.uk /www/wwwroot/admin idisp.php.$$$
104.08.30 14:25 B Z:\\iindex.php --> ftp.awke.co.uk /www/wwwroot/admin iindex.php
104.08.30 14:25 B Z:\\iindex.php.$$$ --> ftp.awke.co.uk /www/wwwroot/admin iindex.php.$$$
104.08.30 14:25 B Z:\\index.php --> ftp.awke.co.uk /www/wwwroot/admin index.php
104.08.30 14:27 B Z:\\functions.inc --> ftp.awke.co.uk /www/wwwroot/admin functions.inc
104.08.30 14:41 B Z:\\addemailalias.php --> ftp.awke.co.uk /www/wwwroot/admin addemailalias.php
104.08.30 14:41 B Z:\\admin.css --> ftp.awke.co.uk /www/wwwroot/admin admin.css
104.08.30 14:41 B Z:\\admin.css.$$$ --> ftp.awke.co.uk /www/wwwroot/admin admin.css.$$$
104.08.30 14:41 B Z:\\auth.php --> ftp.awke.co.uk /www/wwwroot/admin auth.php
104.08.30 14:41 B Z:\\auth.php.$$$ --> ftp.awke.co.uk /www/wwwroot/admin auth.php.$$$
104.08.30 14:41 B Z:\\cadd.php --> ftp.awke.co.uk /www/wwwroot/admin cadd.php
104.08.30 14:41 B Z:\\cadd.php.$$$ --> ftp.awke.co.uk /www/wwwroot/admin cadd.php.$$$
104.08.30 14:41 B Z:\\cdel.php --> ftp.awke.co.uk /www/wwwroot/admin cdel.php
104.08.30 14:41 B Z:\\cdel.php.$$$ --> ftp.awke.co.uk /www/wwwroot/admin cdel.php.$$$
104.08.30 14:41 B Z:\\cedit.php --> ftp.awke.co.uk /www/wwwroot/admin cedit.php
104.08.30 14:41 B Z:\\cedit.php.$$$ --> ftp.awke.co.uk /www/wwwroot/admin cedit.php.$$$
104.08.30 14:41 B Z:\\cindex.php --> ftp.awke.co.uk /www/wwwroot/admin cindex.php
104.08.30 14:41 B Z:\\cindex.php.$$$ --> ftp.awke.co.uk /www/wwwroot/admin cindex.php.$$$
104.08.30 14:41 B Z:\\cupdate.php --> ftp.awke.co.uk /www/wwwroot/admin cupdate.php
104.08.30 14:41 B Z:\\cupdate.php.$$$ --> ftp.awke.co.uk /www/wwwroot/admin cupdate.php.$$$
104.08.30 14:41 B Z:\\cupdatea.php --> ftp.awke.co.uk /www/wwwroot/admin cupdatea.php
104.08.30 14:41 B Z:\\cupdatea.php.$$$ --> ftp.awke.co.uk /www/wwwroot/admin cupdatea.php.$$$
104.08.30 14:41 B Z:\\dcadd.php --> ftp.awke.co.uk /www/wwwroot/admin dcadd.php
104.08.30 14:41 B Z:\\dcadd.php.$$$ --> ftp.awke.co.uk /www/wwwroot/admin dcadd.php.$$$
104.08.30 14:41 B Z:\\dcdel.php --> ftp.awke.co.uk /www/wwwroot/admin dcdel.php
104.08.30 14:41 B Z:\\dcdel.php.$$$ --> ftp.awke.co.uk /www/wwwroot/admin dcdel.php.$$$
104.08.30 14:41 B Z:\\dcedit.php --> ftp.awke.co.uk /www/wwwroot/admin dcedit.php
104.08.30 14:41 B Z:\\dcedit.php.$$$ --> ftp.awke.co.uk /www/wwwroot/admin dcedit.php.$$$
104.08.30 14:41 B Z:\\dcupdate.php --> ftp.awke.co.uk /www/wwwroot/admin dcupdate.php
104.08.30 14:41 B Z:\\dcupdate.php.$$$ --> ftp.awke.co.uk /www/wwwroot/admin dcupdate.php.$$$
104.08.30 14:41 B Z:\\dcupdatea.php --> ftp.awke.co.uk /www/wwwroot/admin dcupdatea.php
104.08.30 14:41 B Z:\\dcupdatea.php.$$$ --> ftp.awke.co.uk /www/wwwroot/admin dcupdatea.php.$$$
104.08.30 14:41 B Z:\\dindex.php --> ftp.awke.co.uk /www/wwwroot/admin dindex.php
104.08.30 14:41 B Z:\\dindex.php.$$$ --> ftp.awke.co.uk /www/wwwroot/admin dindex.php.$$$
104.08.30 14:41 B Z:\\domdisp.php --> ftp.awke.co.uk /www/wwwroot/admin domdisp.php
104.08.30 14:41 B Z:\\dpadd.php --> ftp.awke.co.uk /www/wwwroot/admin dpadd.php
104.08.30 14:41 B Z:\\dpadd.php.$$$ --> ftp.awke.co.uk /www/wwwroot/admin dpadd.php.$$$
104.08.30 14:41 B Z:\\dpdel.php --> ftp.awke.co.uk /www/wwwroot/admin dpdel.php
104.08.30 14:41 B Z:\\dpdel.php.$$$ --> ftp.awke.co.uk /www/wwwroot/admin dpdel.php.$$$
104.08.30 14:41 B Z:\\dpedit.php --> ftp.awke.co.uk /www/wwwroot/admin dpedit.php
104.08.30 14:41 B Z:\\dpedit.php.$$$ --> ftp.awke.co.uk /www/wwwroot/admin dpedit.php.$$$
104.08.30 14:41 B Z:\\dpupdate.php --> ftp.awke.co.uk /www/wwwroot/admin dpupdate.php
104.08.30 14:41 B Z:\\dpupdate.php.$$$ --> ftp.awke.co.uk /www/wwwroot/admin dpupdate.php.$$$
104.08.30 14:41 B Z:\\dpupdatea.php --> ftp.awke.co.uk /www/wwwroot/admin dpupdatea.php
104.08.30 14:41 B Z:\\dpupdatea.php.$$$ --> ftp.awke.co.uk /www/wwwroot/admin dpupdatea.php.$$$
104.08.30 14:41 B Z:\\eadd.php --> ftp.awke.co.uk /www/wwwroot/admin eadd.php
104.08.30 14:41 B Z:\\eadd.php.$$$ --> ftp.awke.co.uk /www/wwwroot/admin eadd.php.$$$
104.08.30 14:41 B Z:\\edel.php --> ftp.awke.co.uk /www/wwwroot/admin edel.php
104.08.30 14:41 B Z:\\edel.php.$$$ --> ftp.awke.co.uk /www/wwwroot/admin edel.php.$$$
104.08.30 14:41 B Z:\\edit.php.$$$ --> ftp.awke.co.uk /www/wwwroot/admin edit.php.$$$
104.08.30 14:41 B Z:\\editalias.php --> ftp.awke.co.uk /www/wwwroot/admin editalias.php
104.08.30 14:41 B Z:\\eedit.php --> ftp.awke.co.uk /www/wwwroot/admin eedit.php
104.08.30 14:41 B Z:\\eedit.php.$$$ --> ftp.awke.co.uk /www/wwwroot/admin eedit.php.$$$
104.08.30 14:41 B Z:\\eupdate.php --> ftp.awke.co.uk /www/wwwroot/admin eupdate.php
104.08.30 14:41 B Z:\\eupdate.php.$$$ --> ftp.awke.co.uk /www/wwwroot/admin eupdate.php.$$$
104.08.30 14:41 B Z:\\eupdatea.php --> ftp.awke.co.uk /www/wwwroot/admin eupdatea.php
104.08.30 14:41 B Z:\\eupdatea.php.$$$ --> ftp.awke.co.uk /www/wwwroot/admin eupdatea.php.$$$
104.08.30 14:41 B Z:\\functions.inc --> ftp.awke.co.uk /www/wwwroot/admin functions.inc
104.08.30 14:41 B Z:\\functions.inc.$$$ --> ftp.awke.co.uk /www/wwwroot/admin functions.inc.$$$
104.08.30 14:41 B Z:\\functions2.inc --> ftp.awke.co.uk /www/wwwroot/admin functions2.inc
104.08.30 14:41 B Z:\\go.php --> ftp.awke.co.uk /www/wwwroot/admin go.php
104.08.30 14:41 B Z:\\go.php.$$$ --> ftp.awke.co.uk /www/wwwroot/admin go.php.$$$
104.08.30 14:41 B Z:\\iadd.php --> ftp.awke.co.uk /www/wwwroot/admin iadd.php
104.08.30 14:41 B Z:\\iadd.php.$$$ --> ftp.awke.co.uk /www/wwwroot/admin iadd.php.$$$
104.08.30 14:41 B Z:\\idel.php --> ftp.awke.co.uk /www/wwwroot/admin idel.php
104.08.30 14:41 B Z:\\idell.php --> ftp.awke.co.uk /www/wwwroot/admin idell.php
104.08.30 14:41 B Z:\\idell.php.$$$ --> ftp.awke.co.uk /www/wwwroot/admin idell.php.$$$
104.08.30 14:41 B Z:\\idisp.php --> ftp.awke.co.uk /www/wwwroot/admin idisp.php
104.08.30 14:41 B Z:\\idisp.php.$$$ --> ftp.awke.co.uk /www/wwwroot/admin idisp.php.$$$
104.08.30 14:41 B Z:\\iindex.php --> ftp.awke.co.uk /www/wwwroot/admin iindex.php
104.08.30 14:41 B Z:\\iindex.php.$$$ --> ftp.awke.co.uk /www/wwwroot/admin iindex.php.$$$
104.08.30 14:41 B Z:\\index.php --> ftp.awke.co.uk /www/wwwroot/admin index.php
104.08.30 14:41 B Z:\\index.php.$$$ --> ftp.awke.co.uk /www/wwwroot/admin index.php.$$$
104.08.30 14:41 B Z:\\listalias.php --> ftp.awke.co.uk /www/wwwroot/admin listalias.php
104.08.30 14:41 B Z:\\listalias.php--all-edit-not as good --> ftp.awke.co.uk /www/wwwroot/admin listalias.php--all-edit-not as good
104.08.30 14:41 B Z:\\listalias.php-backup --> ftp.awke.co.uk /www/wwwroot/admin listalias.php-backup
104.08.30 14:41 B Z:\\listalias.php-firsttry --> ftp.awke.co.uk /www/wwwroot/admin listalias.php-firsttry
104.08.30 14:41 B Z:\\listalias.php-working-old1 --> ftp.awke.co.uk /www/wwwroot/admin listalias.php-working-old1
104.08.30 14:41 B Z:\\listalias.php.$$$ --> ftp.awke.co.uk /www/wwwroot/admin listalias.php.$$$
104.08.30 14:41 B Z:\\login.php --> ftp.awke.co.uk /www/wwwroot/admin login.php
104.08.30 14:41 B Z:\\logout.php --> ftp.awke.co.uk /www/wwwroot/admin logout.php
104.08.30 14:41 B Z:\\logout.php.$$$ --> ftp.awke.co.uk /www/wwwroot/admin logout.php.$$$
104.08.30 14:41 B Z:\\main.php --> ftp.awke.co.uk /www/wwwroot/admin main.php
104.08.30 14:41 B Z:\\main.php.$$$ --> ftp.awke.co.uk /www/wwwroot/admin main.php.$$$
104.08.30 14:41 B Z:\\padd.php --> ftp.awke.co.uk /www/wwwroot/admin padd.php
104.08.30 14:41 B Z:\\padd.php.$$$ --> ftp.awke.co.uk /www/wwwroot/admin padd.php.$$$
104.08.30 14:42 B Z:\\pdadd.php --> ftp.awke.co.uk /www/wwwroot/admin pdadd.php
104.08.30 14:42 B Z:\\pdadd.php.$$$ --> ftp.awke.co.uk /www/wwwroot/admin pdadd.php.$$$
104.08.30 14:42 B Z:\\pddel.php --> ftp.awke.co.uk /www/wwwroot/admin pddel.php
104.08.30 14:42 B Z:\\pddel.php.$$$ --> ftp.awke.co.uk /www/wwwroot/admin pddel.php.$$$
104.08.30 14:42 B Z:\\pdedit.php --> ftp.awke.co.uk /www/wwwroot/admin pdedit.php
104.08.30 14:42 B Z:\\pdedit.php.$$$ --> ftp.awke.co.uk /www/wwwroot/admin pdedit.php.$$$
104.08.30 14:42 B Z:\\pdel.php --> ftp.awke.co.uk /www/wwwroot/admin pdel.php
104.08.30 14:42 B Z:\\pdel.php.$$$ --> ftp.awke.co.uk /www/wwwroot/admin pdel.php.$$$
104.08.30 14:42 B Z:\\pdpdatea.php --> ftp.awke.co.uk /www/wwwroot/admin pdpdatea.php
104.08.30 14:42 B Z:\\pdpdatea.php.$$$ --> ftp.awke.co.uk /www/wwwroot/admin pdpdatea.php.$$$
104.08.30 14:42 B Z:\\pdupdate.php --> ftp.awke.co.uk /www/wwwroot/admin pdupdate.php
104.08.30 14:42 B Z:\\pdupdate.php.$$$ --> ftp.awke.co.uk /www/wwwroot/admin pdupdate.php.$$$
104.08.30 14:42 B Z:\\pdupdatea.php --> ftp.awke.co.uk /www/wwwroot/admin pdupdatea.php
104.08.30 14:42 B Z:\\pdupdatea.php.$$$ --> ftp.awke.co.uk /www/wwwroot/admin pdupdatea.php.$$$
104.08.30 14:42 B Z:\\pedit.php --> ftp.awke.co.uk /www/wwwroot/admin pedit.php
104.08.30 14:42 B Z:\\pedit.php.$$$ --> ftp.awke.co.uk /www/wwwroot/admin pedit.php.$$$
104.08.30 14:42 B Z:\\pindex.php --> ftp.awke.co.uk /www/wwwroot/admin pindex.php
104.08.30 14:42 B Z:\\pindex.php.$$$ --> ftp.awke.co.uk /www/wwwroot/admin pindex.php.$$$
104.08.30 14:42 B Z:\\print.php --> ftp.awke.co.uk /www/wwwroot/admin print.php
104.08.30 14:42 B Z:\\print.php.$$$ --> ftp.awke.co.uk /www/wwwroot/admin print.php.$$$
104.08.30 14:42 B Z:\\pupdate.php --> ftp.awke.co.uk /www/wwwroot/admin pupdate.php
104.08.30 14:42 B Z:\\pupdate.php.$$$ --> ftp.awke.co.uk /www/wwwroot/admin pupdate.php.$$$
104.08.30 14:42 B Z:\\pupdatea.php --> ftp.awke.co.uk /www/wwwroot/admin pupdatea.php
104.08.30 14:42 B Z:\\pupdatea.php.$$$ --> ftp.awke.co.uk /www/wwwroot/admin pupdatea.php.$$$
104.08.30 14:42 B Z:\\savealias.php --> ftp.awke.co.uk /www/wwwroot/admin savealias.php
104.08.30 14:42 B Z:\\tadd.php --> ftp.awke.co.uk /www/wwwroot/admin tadd.php
104.08.30 14:42 B Z:\\tadd.php.$$$ --> ftp.awke.co.uk /www/wwwroot/admin tadd.php.$$$
104.08.30 14:42 B Z:\\tdel.php --> ftp.awke.co.uk /www/wwwroot/admin tdel.php
104.08.30 14:42 B Z:\\tdel.php.$$$ --> ftp.awke.co.uk /www/wwwroot/admin tdel.php.$$$
104.08.30 14:42 B Z:\\tedit.php --> ftp.awke.co.uk /www/wwwroot/admin tedit.php
104.08.30 14:42 B Z:\\tedit.php.$$$ --> ftp.awke.co.uk /www/wwwroot/admin tedit.php.$$$
104.08.30 14:42 B Z:\\tupdate.php --> ftp.awke.co.uk /www/wwwroot/admin tupdate.php
104.08.30 14:42 B Z:\\tupdate.php.$$$ --> ftp.awke.co.uk /www/wwwroot/admin tupdate.php.$$$
104.08.30 14:42 B Z:\\tupdatea.php --> ftp.awke.co.uk /www/wwwroot/admin tupdatea.php
104.08.30 14:42 B Z:\\tupdatea.php.$$$ --> ftp.awke.co.uk /www/wwwroot/admin tupdatea.php.$$$
104.08.30 14:42 B Z:\\update.php.$$$ --> ftp.awke.co.uk /www/wwwroot/admin update.php.$$$
104.09.03 00:15 B Z:\\listalias.php <-- awke secure /www/wwwroot/admin listalias.php
104.09.03 00:15 B Z:\\addemailalias.php <-- awke secure /www/wwwroot/admin addemailalias.php
104.09.03 00:15 B Z:\\domdisp.php <-- awke secure /www/wwwroot/admin domdisp.php
104.09.03 00:15 B Z:\\savealias.php <-- awke secure /www/wwwroot/admin savealias.php
104.09.03 00:15 B Z:\\editalias.php <-- awke secure /www/wwwroot/admin editalias.php
104.09.03 00:16 B Z:\\listalias.php <-- awke secure /www/wwwroot/admin listalias.php
104.09.03 00:16 B Z:\\addemailalias.php <-- awke secure /www/wwwroot/admin addemailalias.php
104.09.03 00:16 B Z:\\domdisp.php <-- awke secure /www/wwwroot/admin domdisp.php
104.09.03 00:16 B Z:\\savealias.php <-- awke secure /www/wwwroot/admin savealias.php
104.09.03 00:16 B Z:\\editalias.php <-- awke secure /www/wwwroot/admin editalias.php
104.10.13 22:41 B \\fileserver\storage2\webtest\admin\anweblogs.php --> ftp.awke.co.uk /www/wwwroot/admin anweblogs.php
104.10.13 22:43 B \\fileserver\storage2\webtest\admin\anweblogs.php --> ftp.awke.co.uk /www/wwwroot/admin anweblogs.php
104.10.13 22:45 B \\fileserver\storage2\webtest\admin\anweblogfull.php --> ftp.awke.co.uk /www/wwwroot/admin anweblogfull.php
104.10.13 22:48 B \\fileserver\storage2\webtest\admin\anweblogfull.php --> ftp.awke.co.uk /www/wwwroot/admin anweblogfull.php
104.10.13 22:49 B \\fileserver\storage2\webtest\admin\anweblogfull.php --> ftp.awke.co.uk /www/wwwroot/admin anweblogfull.php
104.10.13 22:55 B \\fileserver\storage2\webtest\admin\anweblogfull.php --> ftp.awke.co.uk /www/wwwroot/admin anweblogfull.php
104.10.13 22:57 B \\fileserver\storage2\webtest\admin\anweblogfull.php --> ftp.awke.co.uk /www/wwwroot/admin anweblogfull.php
104.10.13 22:57 B \\fileserver\storage2\webtest\admin\anweblogfull.php --> ftp.awke.co.uk /www/wwwroot/admin anweblogfull.php
104.10.13 22:58 B \\fileserver\storage2\webtest\admin\anweblogfull.php --> ftp.awke.co.uk /www/wwwroot/admin anweblogfull.php
104.10.13 23:02 B \\fileserver\storage2\webtest\admin\anweblogfull.php --> ftp.awke.co.uk /www/wwwroot/admin anweblogfull.php
104.10.13 23:08 B \\fileserver\storage2\webtest\admin\anweblogfull.php --> ftp.awke.co.uk /www/wwwroot/admin anweblogfull.php
104.10.13 23:08 B \\fileserver\storage2\webtest\admin\anweblogfull.php --> ftp.awke.co.uk /www/wwwroot/admin anweblogfull.php
104.10.13 23:11 B \\fileserver\storage2\webtest\admin\anweblogfull.php --> ftp.awke.co.uk /www/wwwroot/admin anweblogfull.php
104.10.13 23:15 B \\fileserver\storage2\webtest\admin\anweblogfull.php --> ftp.awke.co.uk /www/wwwroot/admin anweblogfull.php
104.10.13 23:15 B \\fileserver\storage2\webtest\admin\anweblogfull.php --> ftp.awke.co.uk /www/wwwroot/admin anweblogfull.php
104.10.13 23:16 B \\fileserver\storage2\webtest\admin\anweblogfull.php --> ftp.awke.co.uk /www/wwwroot/admin anweblogfull.php
104.10.13 23:16 B \\fileserver\storage2\webtest\admin\anweblogfull.php --> ftp.awke.co.uk /www/wwwroot/admin anweblogfull.php
104.10.13 23:16 B \\fileserver\storage2\webtest\admin\anweblogfull.php --> ftp.awke.co.uk /www/wwwroot/admin anweblogfull.php
104.10.13 23:17 B \\fileserver\storage2\webtest\admin\anweblogfull.php --> ftp.awke.co.uk /www/wwwroot/admin anweblogfull.php
104.10.13 23:18 B \\fileserver\storage2\webtest\admin\anweblogfull.php --> ftp.awke.co.uk /www/wwwroot/admin anweblogfull.php
104.10.13 23:19 B \\fileserver\storage2\webtest\admin\anweblogfull.php --> ftp.awke.co.uk /www/wwwroot/admin anweblogfull.php
104.10.13 23:21 B \\fileserver\storage2\webtest\admin\anweblogfull.php --> ftp.awke.co.uk /www/wwwroot/admin anweblogfull.php
104.10.13 23:21 B \\fileserver\storage2\webtest\admin\anweblogfull.php --> ftp.awke.co.uk /www/wwwroot/admin anweblogfull.php
104.10.13 23:22 B \\fileserver\storage2\webtest\admin\anweblogfull.php --> ftp.awke.co.uk /www/wwwroot/admin anweblogfull.php
104.10.13 23:24 B \\fileserver\storage2\webtest\admin\anweblogfull.php --> ftp.awke.co.uk /www/wwwroot/admin anweblogfull.php
104.10.13 23:24 B \\fileserver\storage2\webtest\admin\anweblogfull.php --> ftp.awke.co.uk /www/wwwroot/admin anweblogfull.php
104.10.13 23:26 B \\fileserver\storage2\webtest\admin\anweblogs.php --> ftp.awke.co.uk /www/wwwroot/admin anweblogs.php
104.10.13 23:42 B \\fileserver\storage2\webtest\admin\anweblogany.php --> ftp.awke.co.uk /www/wwwroot/admin anweblogany.php
104.10.13 23:44 B \\fileserver\storage2\webtest\admin\anweblogany.php --> ftp.awke.co.uk /www/wwwroot/admin anweblogany.php
104.10.13 23:45 B \\fileserver\storage2\webtest\admin\anweblogany.php --> ftp.awke.co.uk /www/wwwroot/admin anweblogany.php
104.10.13 23:45 B \\fileserver\storage2\webtest\admin\anweblogany.php --> ftp.awke.co.uk /www/wwwroot/admin anweblogany.php
104.10.13 23:46 B \\fileserver\storage2\webtest\admin\anweblogany.php --> ftp.awke.co.uk /www/wwwroot/admin anweblogany.php
104.10.13 23:46 B \\fileserver\storage2\webtest\admin\anweblogany.php --> ftp.awke.co.uk /www/wwwroot/admin anweblogany.php
104.10.13 23:54 B \\fileserver\storage2\webtest\admin\anweblogany.php --> ftp.awke.co.uk /www/wwwroot/admin anweblogany.php
104.10.13 23:56 B \\fileserver\storage2\webtest\admin\anweblogany.php --> ftp.awke.co.uk /www/wwwroot/admin anweblogany.php
104.10.13 23:58 B \\fileserver\storage2\webtest\admin\anweblogany.php --> ftp.awke.co.uk /www/wwwroot/admin anweblogany.php
104.10.13 23:58 B \\fileserver\storage2\webtest\admin\anweblogany.php --> ftp.awke.co.uk /www/wwwroot/admin anweblogany.php
104.10.20 21:26 B Z:\admin\addemailalias.php --> ftp.awke.co.uk /www/wwwroot/admin addemailalias.php
104.10.20 21:26 B Z:\admin\admin.css --> ftp.awke.co.uk /www/wwwroot/admin admin.css
104.10.20 21:26 B Z:\admin\admin.css.$$$ --> ftp.awke.co.uk /www/wwwroot/admin admin.css.$$$
104.10.20 21:26 B Z:\admin\anweblogany.php --> ftp.awke.co.uk /www/wwwroot/admin anweblogany.php
104.10.20 21:26 B Z:\admin\anweblogany.php.$$$ --> ftp.awke.co.uk /www/wwwroot/admin anweblogany.php.$$$
104.10.20 21:26 B Z:\admin\anweblogfull.php --> ftp.awke.co.uk /www/wwwroot/admin anweblogfull.php
104.10.20 21:26 B Z:\admin\anweblogfull.php.$$$ --> ftp.awke.co.uk /www/wwwroot/admin anweblogfull.php.$$$
104.10.20 21:26 B Z:\admin\anweblogs.php --> ftp.awke.co.uk /www/wwwroot/admin anweblogs.php
104.10.20 21:26 B Z:\admin\anweblogs.php.$$$ --> ftp.awke.co.uk /www/wwwroot/admin anweblogs.php.$$$
104.10.20 21:26 B Z:\admin\auth.php --> ftp.awke.co.uk /www/wwwroot/admin auth.php
104.10.20 21:26 B Z:\admin\auth.php.$$$ --> ftp.awke.co.uk /www/wwwroot/admin auth.php.$$$
104.10.20 21:26 B Z:\admin\cadd.php --> ftp.awke.co.uk /www/wwwroot/admin cadd.php
104.10.20 21:26 B Z:\admin\cadd.php.$$$ --> ftp.awke.co.uk /www/wwwroot/admin cadd.php.$$$
104.10.20 21:26 B Z:\admin\cdel.php --> ftp.awke.co.uk /www/wwwroot/admin cdel.php
104.10.20 21:26 B Z:\admin\cdel.php.$$$ --> ftp.awke.co.uk /www/wwwroot/admin cdel.php.$$$
104.10.20 21:26 B Z:\admin\cedit.php --> ftp.awke.co.uk /www/wwwroot/admin cedit.php
104.10.20 21:26 B Z:\admin\cedit.php.$$$ --> ftp.awke.co.uk /www/wwwroot/admin cedit.php.$$$
104.10.20 21:26 B Z:\admin\cindex.php --> ftp.awke.co.uk /www/wwwroot/admin cindex.php
104.10.20 21:26 B Z:\admin\cindex.php.$$$ --> ftp.awke.co.uk /www/wwwroot/admin cindex.php.$$$
104.10.20 21:26 B Z:\admin\cupdate.php --> ftp.awke.co.uk /www/wwwroot/admin cupdate.php
104.10.20 21:26 B Z:\admin\cupdate.php.$$$ --> ftp.awke.co.uk /www/wwwroot/admin cupdate.php.$$$
104.10.20 21:26 B Z:\admin\cupdatea.php --> ftp.awke.co.uk /www/wwwroot/admin cupdatea.php
104.10.20 21:26 B Z:\admin\cupdatea.php.$$$ --> ftp.awke.co.uk /www/wwwroot/admin cupdatea.php.$$$
104.10.20 21:26 B Z:\admin\dcadd.php --> ftp.awke.co.uk /www/wwwroot/admin dcadd.php
104.10.20 21:26 B Z:\admin\dcadd.php.$$$ --> ftp.awke.co.uk /www/wwwroot/admin dcadd.php.$$$
104.10.20 21:26 B Z:\admin\dcdel.php --> ftp.awke.co.uk /www/wwwroot/admin dcdel.php
104.10.20 21:26 B Z:\admin\dcdel.php.$$$ --> ftp.awke.co.uk /www/wwwroot/admin dcdel.php.$$$
104.10.20 21:26 B Z:\admin\dcedit.php --> ftp.awke.co.uk /www/wwwroot/admin dcedit.php
104.10.20 21:26 B Z:\admin\dcedit.php.$$$ --> ftp.awke.co.uk /www/wwwroot/admin dcedit.php.$$$
104.10.20 21:26 B Z:\admin\dcupdate.php --> ftp.awke.co.uk /www/wwwroot/admin dcupdate.php
104.10.20 21:26 B Z:\admin\dcupdate.php.$$$ --> ftp.awke.co.uk /www/wwwroot/admin dcupdate.php.$$$
104.10.20 21:26 B Z:\admin\dcupdatea.php --> ftp.awke.co.uk /www/wwwroot/admin dcupdatea.php
104.10.20 21:26 B Z:\admin\dcupdatea.php.$$$ --> ftp.awke.co.uk /www/wwwroot/admin dcupdatea.php.$$$
104.10.20 21:26 B Z:\admin\dindex.php --> ftp.awke.co.uk /www/wwwroot/admin dindex.php
104.10.20 21:26 B Z:\admin\dindex.php.$$$ --> ftp.awke.co.uk /www/wwwroot/admin dindex.php.$$$
104.10.20 21:26 B Z:\admin\domdisp.php --> ftp.awke.co.uk /www/wwwroot/admin domdisp.php
104.10.20 21:26 B Z:\admin\dpadd.php --> ftp.awke.co.uk /www/wwwroot/admin dpadd.php
104.10.20 21:26 B Z:\admin\dpadd.php.$$$ --> ftp.awke.co.uk /www/wwwroot/admin dpadd.php.$$$
104.10.20 21:26 B Z:\admin\dpdel.php --> ftp.awke.co.uk /www/wwwroot/admin dpdel.php
104.10.20 21:26 B Z:\admin\dpdel.php.$$$ --> ftp.awke.co.uk /www/wwwroot/admin dpdel.php.$$$
104.10.20 21:26 B Z:\admin\dpedit.php --> ftp.awke.co.uk /www/wwwroot/admin dpedit.php
104.10.20 21:26 B Z:\admin\dpedit.php.$$$ --> ftp.awke.co.uk /www/wwwroot/admin dpedit.php.$$$
104.10.20 21:26 B Z:\admin\dpupdate.php --> ftp.awke.co.uk /www/wwwroot/admin dpupdate.php
104.10.20 21:26 B Z:\admin\dpupdate.php.$$$ --> ftp.awke.co.uk /www/wwwroot/admin dpupdate.php.$$$
104.10.20 21:26 B Z:\admin\dpupdatea.php --> ftp.awke.co.uk /www/wwwroot/admin dpupdatea.php
104.10.20 21:26 B Z:\admin\dpupdatea.php.$$$ --> ftp.awke.co.uk /www/wwwroot/admin dpupdatea.php.$$$
104.10.20 21:26 B Z:\admin\eadd.php --> ftp.awke.co.uk /www/wwwroot/admin eadd.php
104.10.20 21:26 B Z:\admin\eadd.php.$$$ --> ftp.awke.co.uk /www/wwwroot/admin eadd.php.$$$
104.10.20 21:26 B Z:\admin\edel.php --> ftp.awke.co.uk /www/wwwroot/admin edel.php
104.10.20 21:26 B Z:\admin\edel.php.$$$ --> ftp.awke.co.uk /www/wwwroot/admin edel.php.$$$
104.10.20 21:26 B Z:\admin\edit.php.$$$ --> ftp.awke.co.uk /www/wwwroot/admin edit.php.$$$
104.10.20 21:26 B Z:\admin\editalias.php --> ftp.awke.co.uk /www/wwwroot/admin editalias.php
104.10.20 21:26 B Z:\admin\eedit.php --> ftp.awke.co.uk /www/wwwroot/admin eedit.php
104.10.20 21:26 B Z:\admin\eedit.php.$$$ --> ftp.awke.co.uk /www/wwwroot/admin eedit.php.$$$
104.10.20 21:26 B Z:\admin\eupdate.php --> ftp.awke.co.uk /www/wwwroot/admin eupdate.php
104.10.20 21:26 B Z:\admin\eupdate.php.$$$ --> ftp.awke.co.uk /www/wwwroot/admin eupdate.php.$$$
104.10.20 21:26 B Z:\admin\eupdatea.php --> ftp.awke.co.uk /www/wwwroot/admin eupdatea.php
104.10.20 21:26 B Z:\admin\eupdatea.php.$$$ --> ftp.awke.co.uk /www/wwwroot/admin eupdatea.php.$$$
104.10.20 21:26 B Z:\admin\functions.inc --> ftp.awke.co.uk /www/wwwroot/admin functions.inc
104.10.20 21:26 B Z:\admin\functions.inc.$$$ --> ftp.awke.co.uk /www/wwwroot/admin functions.inc.$$$
104.10.20 21:26 B Z:\admin\functions2.inc --> ftp.awke.co.uk /www/wwwroot/admin functions2.inc
104.10.20 21:26 B Z:\admin\go.php --> ftp.awke.co.uk /www/wwwroot/admin go.php
104.10.20 21:26 B Z:\admin\go.php.$$$ --> ftp.awke.co.uk /www/wwwroot/admin go.php.$$$
104.10.20 21:26 B Z:\admin\iadd.php --> ftp.awke.co.uk /www/wwwroot/admin iadd.php
104.10.20 21:26 B Z:\admin\iadd.php.$$$ --> ftp.awke.co.uk /www/wwwroot/admin iadd.php.$$$
104.10.20 21:26 B Z:\admin\idel.php --> ftp.awke.co.uk /www/wwwroot/admin idel.php
104.10.20 21:26 B Z:\admin\idell.php --> ftp.awke.co.uk /www/wwwroot/admin idell.php
104.10.20 21:26 B Z:\admin\idell.php.$$$ --> ftp.awke.co.uk /www/wwwroot/admin idell.php.$$$
104.10.20 21:26 B Z:\admin\idisp.php --> ftp.awke.co.uk /www/wwwroot/admin idisp.php
104.10.20 21:26 B Z:\admin\idisp.php.$$$ --> ftp.awke.co.uk /www/wwwroot/admin idisp.php.$$$
104.10.20 21:26 B Z:\admin\iindex.php --> ftp.awke.co.uk /www/wwwroot/admin iindex.php
104.10.20 21:26 B Z:\admin\iindex.php.$$$ --> ftp.awke.co.uk /www/wwwroot/admin iindex.php.$$$
104.10.20 21:26 B Z:\admin\index.php --> ftp.awke.co.uk /www/wwwroot/admin index.php
104.10.20 21:26 B Z:\admin\index.php.$$$ --> ftp.awke.co.uk /www/wwwroot/admin index.php.$$$
104.10.20 21:26 B Z:\admin\listalias.php --> ftp.awke.co.uk /www/wwwroot/admin listalias.php
104.10.20 21:26 B Z:\admin\listalias.php--all-edit-not as good --> ftp.awke.co.uk /www/wwwroot/admin listalias.php--all-edit-not as good
104.10.20 21:26 B Z:\admin\listalias.php-backup --> ftp.awke.co.uk /www/wwwroot/admin listalias.php-backup
104.10.20 21:26 B Z:\admin\listalias.php-firsttry --> ftp.awke.co.uk /www/wwwroot/admin listalias.php-firsttry
104.10.20 21:26 B Z:\admin\listalias.php-working-old1 --> ftp.awke.co.uk /www/wwwroot/admin listalias.php-working-old1
104.10.20 21:26 B Z:\admin\listalias.php.$$$ --> ftp.awke.co.uk /www/wwwroot/admin listalias.php.$$$
104.10.20 21:26 B Z:\admin\login.php --> ftp.awke.co.uk /www/wwwroot/admin login.php
104.10.20 21:26 B Z:\admin\logout.php --> ftp.awke.co.uk /www/wwwroot/admin logout.php
104.10.20 21:26 B Z:\admin\logout.php.$$$ --> ftp.awke.co.uk /www/wwwroot/admin logout.php.$$$
104.10.20 21:26 B Z:\admin\main.php --> ftp.awke.co.uk /www/wwwroot/admin main.php
104.10.20 21:26 B Z:\admin\main.php.$$$ --> ftp.awke.co.uk /www/wwwroot/admin main.php.$$$
104.10.20 21:26 B Z:\admin\padd.php --> ftp.awke.co.uk /www/wwwroot/admin padd.php
104.10.20 21:26 B Z:\admin\padd.php.$$$ --> ftp.awke.co.uk /www/wwwroot/admin padd.php.$$$
104.10.20 21:26 B Z:\admin\pdadd.php --> ftp.awke.co.uk /www/wwwroot/admin pdadd.php
104.10.20 21:26 B Z:\admin\pdadd.php.$$$ --> ftp.awke.co.uk /www/wwwroot/admin pdadd.php.$$$
104.10.20 21:26 B Z:\admin\pddel.php --> ftp.awke.co.uk /www/wwwroot/admin pddel.php
104.10.20 21:26 B Z:\admin\pddel.php.$$$ --> ftp.awke.co.uk /www/wwwroot/admin pddel.php.$$$
104.10.20 21:26 B Z:\admin\pdedit.php --> ftp.awke.co.uk /www/wwwroot/admin pdedit.php
104.10.20 21:26 B Z:\admin\pdedit.php.$$$ --> ftp.awke.co.uk /www/wwwroot/admin pdedit.php.$$$
104.10.20 21:26 B Z:\admin\pdel.php --> ftp.awke.co.uk /www/wwwroot/admin pdel.php
104.10.20 21:26 B Z:\admin\pdel.php.$$$ --> ftp.awke.co.uk /www/wwwroot/admin pdel.php.$$$
104.10.20 21:26 B Z:\admin\pdpdatea.php --> ftp.awke.co.uk /www/wwwroot/admin pdpdatea.php
104.10.20 21:26 B Z:\admin\pdpdatea.php.$$$ --> ftp.awke.co.uk /www/wwwroot/admin pdpdatea.php.$$$
104.10.20 21:26 B Z:\admin\pdupdate.php --> ftp.awke.co.uk /www/wwwroot/admin pdupdate.php
104.10.20 21:26 B Z:\admin\pdupdate.php.$$$ --> ftp.awke.co.uk /www/wwwroot/admin pdupdate.php.$$$
104.10.20 21:26 B Z:\admin\pdupdatea.php --> ftp.awke.co.uk /www/wwwroot/admin pdupdatea.php
104.10.20 21:26 B Z:\admin\pdupdatea.php.$$$ --> ftp.awke.co.uk /www/wwwroot/admin pdupdatea.php.$$$
104.10.20 21:26 B Z:\admin\pedit.php --> ftp.awke.co.uk /www/wwwroot/admin pedit.php
104.10.20 21:26 B Z:\admin\pedit.php.$$$ --> ftp.awke.co.uk /www/wwwroot/admin pedit.php.$$$
104.10.20 21:26 B Z:\admin\pindex.php --> ftp.awke.co.uk /www/wwwroot/admin pindex.php
104.10.20 21:26 B Z:\admin\pindex.php.$$$ --> ftp.awke.co.uk /www/wwwroot/admin pindex.php.$$$
104.10.20 21:26 B Z:\admin\print.php --> ftp.awke.co.uk /www/wwwroot/admin print.php
104.10.20 21:26 B Z:\admin\print.php.$$$ --> ftp.awke.co.uk /www/wwwroot/admin print.php.$$$
104.10.20 21:26 B Z:\admin\pupdate.php --> ftp.awke.co.uk /www/wwwroot/admin pupdate.php
104.10.20 21:26 B Z:\admin\pupdate.php.$$$ --> ftp.awke.co.uk /www/wwwroot/admin pupdate.php.$$$
104.10.20 21:26 B Z:\admin\pupdatea.php --> ftp.awke.co.uk /www/wwwroot/admin pupdatea.php
104.10.20 21:26 B Z:\admin\pupdatea.php.$$$ --> ftp.awke.co.uk /www/wwwroot/admin pupdatea.php.$$$
104.10.20 21:26 B Z:\admin\savealias.php --> ftp.awke.co.uk /www/wwwroot/admin savealias.php
104.10.20 21:26 B Z:\admin\tadd.php --> ftp.awke.co.uk /www/wwwroot/admin tadd.php
104.10.20 21:26 B Z:\admin\tadd.php.$$$ --> ftp.awke.co.uk /www/wwwroot/admin tadd.php.$$$
104.10.20 21:26 B Z:\admin\tdel.php --> ftp.awke.co.uk /www/wwwroot/admin tdel.php
104.10.20 21:26 B Z:\admin\tdel.php.$$$ --> ftp.awke.co.uk /www/wwwroot/admin tdel.php.$$$
104.10.20 21:26 B Z:\admin\tedit.php --> ftp.awke.co.uk /www/wwwroot/admin tedit.php
104.10.20 21:26 B Z:\admin\tedit.php.$$$ --> ftp.awke.co.uk /www/wwwroot/admin tedit.php.$$$
104.10.20 21:26 B Z:\admin\tupdate.php --> ftp.awke.co.uk /www/wwwroot/admin tupdate.php
104.10.20 21:26 B Z:\admin\tupdate.php.$$$ --> ftp.awke.co.uk /www/wwwroot/admin tupdate.php.$$$
104.10.20 21:26 B Z:\admin\tupdatea.php --> ftp.awke.co.uk /www/wwwroot/admin tupdatea.php
104.10.20 21:26 B Z:\admin\tupdatea.php.$$$ --> ftp.awke.co.uk /www/wwwroot/admin tupdatea.php.$$$
104.10.20 21:26 B Z:\admin\update.php.$$$ --> ftp.awke.co.uk /www/wwwroot/admin update.php.$$$
104.10.20 21:27 B Z:\admin\WS_FTP.LOG --> ftp.awke.co.uk /www/wwwroot/admin WS_FTP.LOG
104.10.21 00:34 B Z:\admin\addemailalias.php --> ftp.awke.co.uk /www/wwwroot/admin addemailalias.php
104.10.21 00:34 B Z:\admin\addemailalias.php.$$$ --> ftp.awke.co.uk /www/wwwroot/admin addemailalias.php.$$$
104.10.21 00:34 B Z:\admin\admin.css --> ftp.awke.co.uk /www/wwwroot/admin admin.css
104.10.21 00:34 B Z:\admin\admin.css.$$$ --> ftp.awke.co.uk /www/wwwroot/admin admin.css.$$$
104.10.21 00:34 B Z:\admin\aliasupdatea.php --> ftp.awke.co.uk /www/wwwroot/admin aliasupdatea.php
104.10.21 00:34 B Z:\admin\aliasupdatea.php.$$$ --> ftp.awke.co.uk /www/wwwroot/admin aliasupdatea.php.$$$
104.10.21 00:34 B Z:\admin\anweblogany.php --> ftp.awke.co.uk /www/wwwroot/admin anweblogany.php
104.10.21 00:34 B Z:\admin\anweblogany.php.$$$ --> ftp.awke.co.uk /www/wwwroot/admin anweblogany.php.$$$
104.10.21 00:34 B Z:\admin\anweblogfull.php --> ftp.awke.co.uk /www/wwwroot/admin anweblogfull.php
104.10.21 00:34 B Z:\admin\anweblogfull.php.$$$ --> ftp.awke.co.uk /www/wwwroot/admin anweblogfull.php.$$$
104.10.21 00:34 B Z:\admin\anweblogs.php --> ftp.awke.co.uk /www/wwwroot/admin anweblogs.php
104.10.21 00:34 B Z:\admin\anweblogs.php.$$$ --> ftp.awke.co.uk /www/wwwroot/admin anweblogs.php.$$$
104.10.21 00:34 B Z:\admin\auth.php --> ftp.awke.co.uk /www/wwwroot/admin auth.php
104.10.21 00:34 B Z:\admin\auth.php.$$$ --> ftp.awke.co.uk /www/wwwroot/admin auth.php.$$$
104.10.21 00:34 B Z:\admin\cadd.php --> ftp.awke.co.uk /www/wwwroot/admin cadd.php
104.10.21 00:34 B Z:\admin\cadd.php.$$$ --> ftp.awke.co.uk /www/wwwroot/admin cadd.php.$$$
104.10.21 00:34 B Z:\admin\cdel.php --> ftp.awke.co.uk /www/wwwroot/admin cdel.php
104.10.21 00:34 B Z:\admin\cdel.php.$$$ --> ftp.awke.co.uk /www/wwwroot/admin cdel.php.$$$
104.10.21 00:35 B Z:\admin\cedit.php --> ftp.awke.co.uk /www/wwwroot/admin cedit.php
104.10.21 00:35 B Z:\admin\cedit.php.$$$ --> ftp.awke.co.uk /www/wwwroot/admin cedit.php.$$$
104.10.21 00:35 B Z:\admin\cindex.php --> ftp.awke.co.uk /www/wwwroot/admin cindex.php
104.10.21 00:35 B Z:\admin\cindex.php.$$$ --> ftp.awke.co.uk /www/wwwroot/admin cindex.php.$$$
104.10.21 00:35 B Z:\admin\cupdate.php --> ftp.awke.co.uk /www/wwwroot/admin cupdate.php
104.10.21 00:35 B Z:\admin\cupdate.php.$$$ --> ftp.awke.co.uk /www/wwwroot/admin cupdate.php.$$$
104.10.21 00:35 B Z:\admin\cupdatea.php --> ftp.awke.co.uk /www/wwwroot/admin cupdatea.php
104.10.21 00:35 B Z:\admin\cupdatea.php.$$$ --> ftp.awke.co.uk /www/wwwroot/admin cupdatea.php.$$$
104.10.21 00:35 B Z:\admin\dcadd.php --> ftp.awke.co.uk /www/wwwroot/admin dcadd.php
104.10.21 00:35 B Z:\admin\dcadd.php.$$$ --> ftp.awke.co.uk /www/wwwroot/admin dcadd.php.$$$
104.10.21 00:35 B Z:\admin\dcdel.php --> ftp.awke.co.uk /www/wwwroot/admin dcdel.php
104.10.21 00:35 B Z:\admin\dcdel.php.$$$ --> ftp.awke.co.uk /www/wwwroot/admin dcdel.php.$$$
104.10.21 00:35 B Z:\admin\dcedit.php --> ftp.awke.co.uk /www/wwwroot/admin dcedit.php
104.10.21 00:35 B Z:\admin\dcedit.php.$$$ --> ftp.awke.co.uk /www/wwwroot/admin dcedit.php.$$$
104.10.21 00:35 B Z:\admin\dcupdate.php --> ftp.awke.co.uk /www/wwwroot/admin dcupdate.php
104.10.21 00:35 B Z:\admin\dcupdate.php.$$$ --> ftp.awke.co.uk /www/wwwroot/admin dcupdate.php.$$$
104.10.21 00:35 B Z:\admin\dcupdatea.php --> ftp.awke.co.uk /www/wwwroot/admin dcupdatea.php
104.10.21 00:35 B Z:\admin\dcupdatea.php.$$$ --> ftp.awke.co.uk /www/wwwroot/admin dcupdatea.php.$$$
104.10.21 00:35 B Z:\admin\dindex.php --> ftp.awke.co.uk /www/wwwroot/admin dindex.php
104.10.21 00:35 B Z:\admin\dindex.php.$$$ --> ftp.awke.co.uk /www/wwwroot/admin dindex.php.$$$
104.10.21 00:35 B Z:\admin\domdisp.php --> ftp.awke.co.uk /www/wwwroot/admin domdisp.php
104.10.21 00:35 B Z:\admin\domdisp.php.$$$ --> ftp.awke.co.uk /www/wwwroot/admin domdisp.php.$$$
104.10.21 00:35 B Z:\admin\dpadd.php --> ftp.awke.co.uk /www/wwwroot/admin dpadd.php
104.10.21 00:35 B Z:\admin\dpadd.php.$$$ --> ftp.awke.co.uk /www/wwwroot/admin dpadd.php.$$$
104.10.21 00:35 B Z:\admin\dpdel.php --> ftp.awke.co.uk /www/wwwroot/admin dpdel.php
104.10.21 00:35 B Z:\admin\dpdel.php.$$$ --> ftp.awke.co.uk /www/wwwroot/admin dpdel.php.$$$
104.10.21 00:35 B Z:\admin\dpedit.php --> ftp.awke.co.uk /www/wwwroot/admin dpedit.php
104.10.21 00:35 B Z:\admin\dpedit.php.$$$ --> ftp.awke.co.uk /www/wwwroot/admin dpedit.php.$$$
104.10.21 00:35 B Z:\admin\dpupdate.php --> ftp.awke.co.uk /www/wwwroot/admin dpupdate.php
104.10.21 00:35 B Z:\admin\dpupdate.php.$$$ --> ftp.awke.co.uk /www/wwwroot/admin dpupdate.php.$$$
104.10.21 00:35 B Z:\admin\dpupdatea.php --> ftp.awke.co.uk /www/wwwroot/admin dpupdatea.php
104.10.21 00:35 B Z:\admin\dpupdatea.php.$$$ --> ftp.awke.co.uk /www/wwwroot/admin dpupdatea.php.$$$
104.10.21 00:35 B Z:\admin\eadd.php --> ftp.awke.co.uk /www/wwwroot/admin eadd.php
104.10.21 00:35 B Z:\admin\eadd.php.$$$ --> ftp.awke.co.uk /www/wwwroot/admin eadd.php.$$$
104.10.21 00:35 B Z:\admin\edel.php --> ftp.awke.co.uk /www/wwwroot/admin edel.php
104.10.21 00:35 B Z:\admin\edel.php.$$$ --> ftp.awke.co.uk /www/wwwroot/admin edel.php.$$$
104.10.21 00:35 B Z:\admin\edit.php.$$$ --> ftp.awke.co.uk /www/wwwroot/admin edit.php.$$$
104.10.21 00:35 B Z:\admin\editalias.php --> ftp.awke.co.uk /www/wwwroot/admin editalias.php
104.10.21 00:35 B Z:\admin\editalias.php.$$$ --> ftp.awke.co.uk /www/wwwroot/admin editalias.php.$$$
104.10.21 00:35 B Z:\admin\eedit.php --> ftp.awke.co.uk /www/wwwroot/admin eedit.php
104.10.21 00:35 B Z:\admin\eedit.php.$$$ --> ftp.awke.co.uk /www/wwwroot/admin eedit.php.$$$
104.10.21 00:35 B Z:\admin\emailalias.php --> ftp.awke.co.uk /www/wwwroot/admin emailalias.php
104.10.21 00:35 B Z:\admin\emailalias.php.$$$ --> ftp.awke.co.uk /www/wwwroot/admin emailalias.php.$$$
104.10.21 00:35 B Z:\admin\emailaliasupdate.php --> ftp.awke.co.uk /www/wwwroot/admin emailaliasupdate.php
104.10.21 00:35 B Z:\admin\emailaliasupdate.php.$$$ --> ftp.awke.co.uk /www/wwwroot/admin emailaliasupdate.php.$$$
104.10.21 00:35 B Z:\admin\emailaliasupdatea.php --> ftp.awke.co.uk /www/wwwroot/admin emailaliasupdatea.php
104.10.21 00:35 B Z:\admin\emailaliasupdatea.php.$$$ --> ftp.awke.co.uk /www/wwwroot/admin emailaliasupdatea.php.$$$
104.10.21 00:35 B Z:\admin\eupdate.php --> ftp.awke.co.uk /www/wwwroot/admin eupdate.php
104.10.21 00:35 B Z:\admin\eupdate.php.$$$ --> ftp.awke.co.uk /www/wwwroot/admin eupdate.php.$$$
104.10.21 00:35 B Z:\admin\eupdatea.php --> ftp.awke.co.uk /www/wwwroot/admin eupdatea.php
104.10.21 00:35 B Z:\admin\eupdatea.php.$$$ --> ftp.awke.co.uk /www/wwwroot/admin eupdatea.php.$$$
104.10.21 00:35 B Z:\admin\functions.inc --> ftp.awke.co.uk /www/wwwroot/admin functions.inc
104.10.21 00:35 B Z:\admin\functions.inc.$$$ --> ftp.awke.co.uk /www/wwwroot/admin functions.inc.$$$
104.10.21 00:35 B Z:\admin\functions2.inc --> ftp.awke.co.uk /www/wwwroot/admin functions2.inc
104.10.21 00:35 B Z:\admin\go.php --> ftp.awke.co.uk /www/wwwroot/admin go.php
104.10.21 00:35 B Z:\admin\go.php.$$$ --> ftp.awke.co.uk /www/wwwroot/admin go.php.$$$
104.10.21 00:35 B Z:\admin\iadd.php --> ftp.awke.co.uk /www/wwwroot/admin iadd.php
104.10.21 00:35 B Z:\admin\iadd.php.$$$ --> ftp.awke.co.uk /www/wwwroot/admin iadd.php.$$$
104.10.21 00:35 B Z:\admin\idel.php --> ftp.awke.co.uk /www/wwwroot/admin idel.php
104.10.21 00:35 B Z:\admin\idell.php --> ftp.awke.co.uk /www/wwwroot/admin idell.php
104.10.21 00:35 B Z:\admin\idell.php.$$$ --> ftp.awke.co.uk /www/wwwroot/admin idell.php.$$$
104.10.21 00:35 B Z:\admin\idisp.php --> ftp.awke.co.uk /www/wwwroot/admin idisp.php
104.10.21 00:35 B Z:\admin\idisp.php.$$$ --> ftp.awke.co.uk /www/wwwroot/admin idisp.php.$$$
104.10.21 00:35 B Z:\admin\iindex.php --> ftp.awke.co.uk /www/wwwroot/admin iindex.php
104.10.21 00:35 B Z:\admin\iindex.php.$$$ --> ftp.awke.co.uk /www/wwwroot/admin iindex.php.$$$
104.10.21 00:35 B Z:\admin\index.php --> ftp.awke.co.uk /www/wwwroot/admin index.php
104.10.21 00:35 B Z:\admin\index.php.$$$ --> ftp.awke.co.uk /www/wwwroot/admin index.php.$$$
104.10.21 00:35 B Z:\admin\listalias.php --> ftp.awke.co.uk /www/wwwroot/admin listalias.php
104.10.21 00:35 B Z:\admin\listalias.php--all-edit-not as good --> ftp.awke.co.uk /www/wwwroot/admin listalias.php--all-edit-not as good
104.10.21 00:35 B Z:\admin\listalias.php-backup --> ftp.awke.co.uk /www/wwwroot/admin listalias.php-backup
104.10.21 00:35 B Z:\admin\listalias.php-firsttry --> ftp.awke.co.uk /www/wwwroot/admin listalias.php-firsttry
104.10.21 00:35 B Z:\admin\listalias.php-working-old1 --> ftp.awke.co.uk /www/wwwroot/admin listalias.php-working-old1
104.10.21 00:35 B Z:\admin\listalias.php.$$$ --> ftp.awke.co.uk /www/wwwroot/admin listalias.php.$$$
104.10.21 00:35 B Z:\admin\login.php --> ftp.awke.co.uk /www/wwwroot/admin login.php
104.10.21 00:35 B Z:\admin\logout.php --> ftp.awke.co.uk /www/wwwroot/admin logout.php
104.10.21 00:35 B Z:\admin\logout.php.$$$ --> ftp.awke.co.uk /www/wwwroot/admin logout.php.$$$
104.10.21 00:35 B Z:\admin\main.php --> ftp.awke.co.uk /www/wwwroot/admin main.php
104.10.21 00:35 B Z:\admin\main.php.$$$ --> ftp.awke.co.uk /www/wwwroot/admin main.php.$$$
104.10.21 00:35 B Z:\admin\padd.php --> ftp.awke.co.uk /www/wwwroot/admin padd.php
104.10.21 00:35 B Z:\admin\padd.php.$$$ --> ftp.awke.co.uk /www/wwwroot/admin padd.php.$$$
104.10.21 00:35 B Z:\admin\pdadd.php --> ftp.awke.co.uk /www/wwwroot/admin pdadd.php
104.10.21 00:35 B Z:\admin\pdadd.php.$$$ --> ftp.awke.co.uk /www/wwwroot/admin pdadd.php.$$$
104.10.21 00:35 B Z:\admin\pddel.php --> ftp.awke.co.uk /www/wwwroot/admin pddel.php
104.10.21 00:35 B Z:\admin\pddel.php.$$$ --> ftp.awke.co.uk /www/wwwroot/admin pddel.php.$$$
104.10.21 00:35 B Z:\admin\pdedit.php --> ftp.awke.co.uk /www/wwwroot/admin pdedit.php
104.10.21 00:35 B Z:\admin\pdedit.php.$$$ --> ftp.awke.co.uk /www/wwwroot/admin pdedit.php.$$$
104.10.21 00:35 B Z:\admin\pdel.php --> ftp.awke.co.uk /www/wwwroot/admin pdel.php
104.10.21 00:35 B Z:\admin\pdel.php.$$$ --> ftp.awke.co.uk /www/wwwroot/admin pdel.php.$$$
104.10.21 00:35 B Z:\admin\pdpdatea.php --> ftp.awke.co.uk /www/wwwroot/admin pdpdatea.php
104.10.21 00:35 B Z:\admin\pdpdatea.php.$$$ --> ftp.awke.co.uk /www/wwwroot/admin pdpdatea.php.$$$
104.10.21 00:35 B Z:\admin\pdupdate.php --> ftp.awke.co.uk /www/wwwroot/admin pdupdate.php
104.10.21 00:35 B Z:\admin\pdupdate.php.$$$ --> ftp.awke.co.uk /www/wwwroot/admin pdupdate.php.$$$
104.10.21 00:35 B Z:\admin\pdupdatea.php --> ftp.awke.co.uk /www/wwwroot/admin pdupdatea.php
104.10.21 00:35 B Z:\admin\pdupdatea.php.$$$ --> ftp.awke.co.uk /www/wwwroot/admin pdupdatea.php.$$$
104.10.21 00:35 B Z:\admin\pedit.php --> ftp.awke.co.uk /www/wwwroot/admin pedit.php
104.10.21 00:35 B Z:\admin\pedit.php.$$$ --> ftp.awke.co.uk /www/wwwroot/admin pedit.php.$$$
104.10.21 00:35 B Z:\admin\pindex.php --> ftp.awke.co.uk /www/wwwroot/admin pindex.php
104.10.21 00:35 B Z:\admin\pindex.php.$$$ --> ftp.awke.co.uk /www/wwwroot/admin pindex.php.$$$
104.10.21 00:35 B Z:\admin\print.php --> ftp.awke.co.uk /www/wwwroot/admin print.php
104.10.21 00:35 B Z:\admin\print.php.$$$ --> ftp.awke.co.uk /www/wwwroot/admin print.php.$$$
104.10.21 00:35 B Z:\admin\pupdate.php --> ftp.awke.co.uk /www/wwwroot/admin pupdate.php
104.10.21 00:35 B Z:\admin\pupdate.php.$$$ --> ftp.awke.co.uk /www/wwwroot/admin pupdate.php.$$$
104.10.21 00:35 B Z:\admin\pupdatea.php --> ftp.awke.co.uk /www/wwwroot/admin pupdatea.php
104.10.21 00:35 B Z:\admin\pupdatea.php.$$$ --> ftp.awke.co.uk /www/wwwroot/admin pupdatea.php.$$$
104.10.21 00:35 B Z:\admin\savealias.php --> ftp.awke.co.uk /www/wwwroot/admin savealias.php
104.10.21 00:35 B Z:\admin\tadd.php --> ftp.awke.co.uk /www/wwwroot/admin tadd.php
104.10.21 00:35 B Z:\admin\tadd.php.$$$ --> ftp.awke.co.uk /www/wwwroot/admin tadd.php.$$$
104.10.21 00:35 B Z:\admin\tdel.php --> ftp.awke.co.uk /www/wwwroot/admin tdel.php
104.10.21 00:35 B Z:\admin\tdel.php.$$$ --> ftp.awke.co.uk /www/wwwroot/admin tdel.php.$$$
104.10.21 00:35 B Z:\admin\tedit.php --> ftp.awke.co.uk /www/wwwroot/admin tedit.php
104.10.21 00:35 B Z:\admin\tedit.php.$$$ --> ftp.awke.co.uk /www/wwwroot/admin tedit.php.$$$
104.10.21 00:35 B Z:\admin\tupdate.php --> ftp.awke.co.uk /www/wwwroot/admin tupdate.php
104.10.21 00:35 B Z:\admin\tupdate.php.$$$ --> ftp.awke.co.uk /www/wwwroot/admin tupdate.php.$$$
104.10.21 00:35 B Z:\admin\tupdatea.php --> ftp.awke.co.uk /www/wwwroot/admin tupdatea.php
104.10.21 00:35 B Z:\admin\tupdatea.php.$$$ --> ftp.awke.co.uk /www/wwwroot/admin tupdatea.php.$$$
104.10.21 00:35 B Z:\admin\update.php.$$$ --> ftp.awke.co.uk /www/wwwroot/admin update.php.$$$
